\BOOKMARK [0][-]{chapter*.4}{\376\377\000N\000o\000m\000e\000n\000c\000l\000a\000t\000u\000r\000e}{}% 1
\BOOKMARK [0][-]{chapter.1}{\376\377\000W\000a\000v\000e\000\040\000P\000r\000o\000p\000a\000g\000a\000t\000i\000o\000n}{}% 2
\BOOKMARK [1][-]{section.1.1}{\376\377\000H\000u\000y\000g\000e\000n\000s\000\040\000p\000r\000i\000n\000c\000i\000p\000l\000e}{chapter.1}% 3
\BOOKMARK [1][-]{section.1.2}{\376\377\000W\000a\000v\000e\000\040\000d\000i\000f\000f\000r\000a\000c\000t\000i\000o\000n}{chapter.1}% 4
\BOOKMARK [1][-]{section.1.3}{\376\377\000D\000o\000u\000b\000l\000e\000\040\000s\000l\000i\000t\000\040\000e\000x\000p\000e\000r\000i\000m\000e\000n\000t}{chapter.1}% 5
\BOOKMARK [1][-]{section.1.4}{\376\377\000a\000n\000t\000e\000n\000n\000a\000\040\000a\000r\000r\000a\000y}{chapter.1}% 6
\BOOKMARK [1][-]{section.1.5}{\376\377\000S\000p\000a\000t\000i\000a\000l\000\040\000D\000i\000v\000e\000r\000s\000i\000t\000y}{chapter.1}% 7
\BOOKMARK [0][-]{chapter.2}{\376\377\000L\000i\000n\000e\000\040\000O\000f\000\040\000S\000i\000g\000h\000t\000\040\000S\000y\000s\000t\000e\000m\000\040\000I\000n\000i\000t\000i\000a\000l\000i\000z\000a\000t\000i\000o\000n}{}% 8
\BOOKMARK [1][-]{section.2.1}{\376\377\000w\000a\000v\000e\000\040\000p\000a\000r\000a\000m\000e\000t\000e\000r\000s}{chapter.2}% 9
\BOOKMARK [1][-]{section.2.2}{\376\377\000T\000X\000\040\000a\000n\000d\000\040\000R\000X\000\040\000s\000p\000a\000t\000i\000a\000l\000\040\000r\000e\000l\000a\000t\000i\000o\000n\000s\000h\000i\000p}{chapter.2}% 10
\BOOKMARK [1][-]{section.2.3}{\376\377\000D\000a\000t\000a\000\040\000G\000e\000n\000e\000r\000a\000t\000i\000o\000n}{chapter.2}% 11
\BOOKMARK [0][-]{chapter.3}{\376\377\000S\000i\000n\000g\000l\000e\000\040\000I\000n\000p\000u\000t\000\040\000S\000i\000n\000g\000l\000e\000\040\000O\000u\000t\000p\000u\000t\000\040\000L\000i\000n\000e\000\040\000O\000f\000\040\000S\000i\000g\000h\000t\000\040\000C\000h\000a\000n\000n\000e\000l}{}% 12
\BOOKMARK [1][-]{section.3.1}{\376\377\000A\000n\000t\000e\000n\000n\000a\000s\000\040\000p\000o\000s\000i\000t\000i\000o\000n}{chapter.3}% 13
\BOOKMARK [1][-]{section.3.2}{\376\377\000S\000c\000a\000t\000t\000e\000r\000i\000n\000g\000\040\000c\000h\000a\000n\000n\000e\000l\000\040\000m\000a\000t\000r\000i\000x}{chapter.3}% 14
\BOOKMARK [2][-]{subsection.3.2.1}{\376\377\000S\000c\000a\000t\000t\000e\000r\000i\000n\000g\000\040\000m\000o\000d\000e\000l}{section.3.2}% 15
\BOOKMARK [2][-]{subsection.3.2.2}{\376\377\000S\000c\000a\000t\000t\000e\000r\000i\000n\000g\000c\000h\000a\000n\000m\000t\000x}{section.3.2}% 16
\BOOKMARK [1][-]{section.3.3}{\376\377\000E\000b\000/\000N\000o}{chapter.3}% 17
\BOOKMARK [1][-]{section.3.4}{\376\377\000B\000i\000t\000\040\000E\000r\000r\000o\000r\000\040\000R\000a\000t\000e\000\040\000\050\000B\000E\000R\000\051}{chapter.3}% 18
\BOOKMARK [1][-]{section.3.5}{\376\377\000P\000l\000o\000t\000t\000i\000n\000g}{chapter.3}% 19
\BOOKMARK [0][-]{chapter.4}{\376\377\000S\000i\000n\000g\000l\000e\000\040\000I\000n\000p\000u\000t\000\040\000M\000u\000l\000t\000i\000p\000l\000e\000\040\000O\000u\000t\000p\000u\000t\000\040\000L\000i\000n\000e\000\040\000o\000f\000\040\000S\000i\000g\000h\000t\000\040\000C\000h\000a\000n\000n\000e\000l}{}% 20
\BOOKMARK [1][-]{section.4.1}{\376\377\000R\000X\000\040\000a\000n\000t\000e\000n\000n\000a\000\040\000a\000r\000r\000a\000y}{chapter.4}% 21
\BOOKMARK [2][-]{subsection.4.1.1}{\376\377\000S\000c\000a\000t\000t\000e\000r\000i\000n\000g\000c\000h\000a\000n\000m\000t\000x}{section.4.1}% 22
\BOOKMARK [1][-]{section.4.2}{\376\377\000B\000i\000t\000\040\000E\000r\000r\000o\000r\000\040\000R\000a\000t\000e\000\040\000\050\000B\000E\000R\000\051}{chapter.4}% 23
\BOOKMARK [1][-]{section.4.3}{\376\377\000P\000l\000o\000t\000t\000i\000n\000g}{chapter.4}% 24
\BOOKMARK [0][-]{chapter.5}{\376\377\000M\000u\000l\000t\000i\000p\000l\000e\000\040\000I\000n\000p\000u\000t\000\040\000S\000i\000n\000g\000l\000e\000\040\000O\000u\000t\000p\000u\000t\000\040\000L\000i\000n\000e\000\040\000O\000f\000\040\000S\000i\000g\000h\000t\000\040\000C\000h\000a\000n\000n\000e\000l}{}% 25
\BOOKMARK [1][-]{section.5.1}{\376\377\000R\000X\000\040\000a\000n\000t\000e\000n\000n\000a\000\040\000a\000r\000r\000a\000y}{chapter.5}% 26
\BOOKMARK [2][-]{subsection.5.1.1}{\376\377\000S\000c\000a\000t\000t\000e\000r\000i\000n\000g\000c\000h\000a\000n\000m\000t\000x}{section.5.1}% 27
\BOOKMARK [1][-]{section.5.2}{\376\377\000B\000i\000t\000\040\000E\000r\000r\000o\000r\000\040\000R\000a\000t\000e\000\040\000\050\000B\000E\000R\000\051}{chapter.5}% 28
\BOOKMARK [1][-]{section.5.3}{\376\377\000P\000l\000o\000t\000t\000i\000n\000g}{chapter.5}% 29
\BOOKMARK [1][-]{section.5.4}{\376\377\000W\000h\000y\000\040\000d\000o\000\040\000w\000e\000\040\000s\000e\000e\000\040\000o\000n\000l\000y\000\040\000t\000w\000o\000\040\000c\000u\000r\000v\000e\000s}{chapter.5}% 30
\BOOKMARK [0][-]{chapter.6}{\376\377\000M\000u\000l\000t\000i\000p\000l\000e\000\040\000I\000n\000p\000u\000t\000\040\000M\000u\000l\000t\000i\000p\000l\000e\000\040\000O\000u\000t\000p\000u\000t\000\040\000L\000i\000n\000e\000\040\000O\000f\000\040\000S\000i\000g\000h\000t\000\040\000C\000h\000a\000n\000n\000e\000l}{}% 31
\BOOKMARK [1][-]{section.6.1}{\376\377\000T\000X\000\040\000\046\000\040\000R\000X\000\040\000a\000n\000t\000e\000n\000n\000a\000\040\000a\000r\000r\000a\000y\000s}{chapter.6}% 32
\BOOKMARK [2][-]{subsection.6.1.1}{\376\377\000S\000c\000a\000t\000t\000e\000r\000i\000n\000g\000c\000h\000a\000n\000m\000t\000x}{section.6.1}% 33
\BOOKMARK [1][-]{section.6.2}{\376\377\000B\000i\000t\000\040\000E\000r\000r\000o\000r\000\040\000R\000a\000t\000e\000\040\000\050\000B\000E\000R\000\051}{chapter.6}% 34
\BOOKMARK [1][-]{section.6.3}{\376\377\000P\000l\000o\000t\000t\000i\000n\000g}{chapter.6}% 35
\BOOKMARK [0][-]{chapter.7}{\376\377\000S\000i\000n\000g\000l\000e\000\040\000I\000n\000p\000u\000t\000\040\000S\000i\000n\000g\000l\000e\000\040\000O\000u\000t\000p\000u\000t\000\040\000M\000u\000l\000t\000i\000-\000p\000a\000t\000h}{}% 36
\BOOKMARK [1][-]{section.7.1}{\376\377\000D\000e\000l\000a\000y\000\040\000s\000p\000r\000e\000a\000d}{chapter.7}% 37
\BOOKMARK [1][-]{section.7.2}{\376\377\000G\000r\000a\000p\000h\000i\000c\000a\000l\000\040\000i\000m\000p\000l\000e\000m\000e\000n\000t\000a\000t\000i\000o\000n}{chapter.7}% 38
\BOOKMARK [1][-]{section.7.3}{\376\377\000D\000a\000t\000a\000\040\000G\000e\000n\000e\000r\000a\000t\000i\000o\000n}{chapter.7}% 39
\BOOKMARK [2][-]{subsection.7.3.1}{\376\377\000S\000i\000m\000u\000l\000a\000t\000i\000n\000g\000\040\000t\000h\000e\000\040\000s\000y\000s\000t\000e\000m}{section.7.3}% 40
\BOOKMARK [1][-]{section.7.4}{\376\377\000P\000l\000o\000t\000t\000i\000n\000g}{chapter.7}% 41
\BOOKMARK [0][-]{chapter.8}{\376\377\000S\000I\000M\000O\000\040\000a\000n\000d\000\040\000M\000I\000S\000O\000\040\000M\000u\000l\000t\000i\000-\000p\000a\000t\000h}{}% 42
\BOOKMARK [1][-]{section.8.1}{\376\377\000S\000I\000M\000O}{chapter.8}% 43
\BOOKMARK [1][-]{section.8.2}{\376\377\000M\000I\000S\000O}{chapter.8}% 44
\BOOKMARK [0][-]{chapter.9}{\376\377\000M\000u\000l\000t\000i\000p\000l\000e\000\040\000I\000n\000p\000u\000t\000\040\000M\000u\000l\000t\000i\000p\000l\000e\000\040\000O\000u\000t\000p\000u\000t\000\040\000M\000u\000l\000t\000i\000-\000p\000a\000t\000h}{}% 45
\BOOKMARK [1][-]{section.9.1}{\376\377\000G\000r\000a\000p\000h\000i\000c\000a\000l\000\040\000i\000m\000p\000l\000e\000m\000e\000n\000t\000a\000t\000i\000o\000n}{chapter.9}% 46
\BOOKMARK [2][-]{subsection.9.1.1}{\376\377\000S\000i\000m\000u\000l\000a\000t\000i\000n\000g\000\040\000t\000h\000e\000\040\000s\000y\000s\000t\000e\000m}{section.9.1}% 47
\BOOKMARK [1][-]{section.9.2}{\376\377\000P\000l\000o\000t\000t\000i\000n\000g}{chapter.9}% 48
\BOOKMARK [0][-]{appendix.A}{\376\377\000F\000u\000l\000l\000\040\000M\000A\000T\000L\000A\000B\000\040\000C\000o\000d\000e}{}% 49
